<?xml version="1.0" encoding="UTF-8"?>
<testng-results ignored="3" total="6" passed="3" failed="0" skipped="0">
  <reporter-output>
  </reporter-output>
  <suite started-at="2023-08-29T20:14:27 IST" name="Gradle suite" finished-at="2023-08-29T20:14:37 IST" duration-ms="10661">
    <groups>
    </groups>
    <test started-at="2023-08-29T20:14:27 IST" name="Gradle test" finished-at="2023-08-29T20:14:37 IST" duration-ms="10661">
      <class name="qtriptest.tests.testCase_01">
        <test-method is-config="true" signature="createDriver()[pri:0, instance:qtriptest.tests.testCase_01@41a0aa7d]" started-at="2023-08-29T20:14:27 IST" name="createDriver" finished-at="2023-08-29T20:14:29 IST" duration-ms="2065" status="PASS">
          <reporter-output>
          </reporter-output>
        </test-method> <!-- createDriver -->
        <test-method signature="verifyUser_registration_login_logout_test(java.lang.String,java.lang.String,java.lang.String)[pri:0, instance:qtriptest.tests.testCase_01@41a0aa7d]" started-at="2023-08-29T20:14:30 IST" name="verifyUser_registration_login_logout_test" data-provider="data-provider" finished-at="2023-08-29T20:14:33 IST" duration-ms="2939" status="PASS">
          <params>
            <param index="0">
              <value>
                <![CDATA[1.0]]>
              </value>
            </param>
            <param index="1">
              <value>
                <![CDATA[testuser@gmail.com]]>
              </value>
            </param>
            <param index="2">
              <value>
                <![CDATA[abc@123]]>
              </value>
            </param>
          </params>
          <reporter-output>
          </reporter-output>
        </test-method> <!-- verifyUser_registration_login_logout_test -->
        <test-method signature="verifyUser_registration_login_logout_test(java.lang.String,java.lang.String,java.lang.String)[pri:0, instance:qtriptest.tests.testCase_01@41a0aa7d]" started-at="2023-08-29T20:14:33 IST" name="verifyUser_registration_login_logout_test" data-provider="data-provider" finished-at="2023-08-29T20:14:35 IST" duration-ms="1716" status="PASS">
          <params>
            <param index="0">
              <value>
                <![CDATA[2.0]]>
              </value>
            </param>
            <param index="1">
              <value>
                <![CDATA[TESTUSER@gmail.com]]>
              </value>
            </param>
            <param index="2">
              <value>
                <![CDATA[123456.0]]>
              </value>
            </param>
          </params>
          <reporter-output>
          </reporter-output>
        </test-method> <!-- verifyUser_registration_login_logout_test -->
        <test-method signature="verifyUser_registration_login_logout_test(java.lang.String,java.lang.String,java.lang.String)[pri:0, instance:qtriptest.tests.testCase_01@41a0aa7d]" started-at="2023-08-29T20:14:35 IST" name="verifyUser_registration_login_logout_test" data-provider="data-provider" finished-at="2023-08-29T20:14:37 IST" duration-ms="2062" status="PASS">
          <params>
            <param index="0">
              <value>
                <![CDATA[3.0]]>
              </value>
            </param>
            <param index="1">
              <value>
                <![CDATA[123_USER_low@gmail.com]]>
              </value>
            </param>
            <param index="2">
              <value>
                <![CDATA[QWERTY!!!!]]>
              </value>
            </param>
          </params>
          <reporter-output>
          </reporter-output>
        </test-method> <!-- verifyUser_registration_login_logout_test -->
        <test-method is-config="true" signature="quitDriver()[pri:0, instance:qtriptest.tests.testCase_01@41a0aa7d]" started-at="2023-08-29T20:14:37 IST" name="quitDriver" finished-at="2023-08-29T20:14:37 IST" duration-ms="187" status="PASS">
          <reporter-output>
          </reporter-output>
        </test-method> <!-- quitDriver -->
      </class> <!-- qtriptest.tests.testCase_01 -->
    </test> <!-- Gradle test -->
  </suite> <!-- Gradle suite -->
</testng-results>
