<?xml version="1.0" encoding="UTF-8"?>
<testng-results ignored="0" total="14" passed="14" failed="0" skipped="0">
  <reporter-output>
  </reporter-output>
  <suite started-at="2023-09-11T02:17:53 IST" name="Gradle suite" finished-at="2023-09-11T02:28:46 IST" duration-ms="652902">
    <groups>
      <group name="Booking and Cancellation Flow">
        <method signature="testCase_03.TestCase03(java.lang.String,java.lang.String,java.lang.String,java.lang.String,java.lang.String,java.lang.String,java.lang.String)[pri:3, instance:qtriptest.tests.testCase_03@1a6d8329]" name="TestCase03" class="qtriptest.tests.testCase_03"/>
      </group> <!-- Booking and Cancellation Flow -->
      <group name="Reliability Flow">
        <method signature="testCase_04.TestCase04(java.lang.String,java.lang.String,java.lang.String,java.lang.String,java.lang.String)[pri:4, instance:qtriptest.tests.testCase_04@1a942c18]" name="TestCase04" class="qtriptest.tests.testCase_04"/>
      </group> <!-- Reliability Flow -->
      <group name="Search and Filter flow">
        <method signature="testCase_02.TestCase02(java.lang.String,java.lang.String,java.lang.String,java.lang.String,java.lang.String)[pri:2, instance:qtriptest.tests.testCase_02@368247b9]" name="TestCase02" class="qtriptest.tests.testCase_02"/>
      </group> <!-- Search and Filter flow -->
      <group name="Login Flow">
        <method signature="testCase_01.TestCase01(java.lang.String,java.lang.String)[pri:1, instance:qtriptest.tests.testCase_01@45099dd3]" name="TestCase01" class="qtriptest.tests.testCase_01"/>
      </group> <!-- Login Flow -->
    </groups>
    <test started-at="2023-09-11T02:17:53 IST" name="Gradle test" finished-at="2023-09-11T02:28:46 IST" duration-ms="652902">
      <class name="qtriptest.tests.testCase_01">
        <test-method is-config="true" signature="createDriver()[pri:0, instance:qtriptest.tests.testCase_01@45099dd3]" started-at="2023-09-11T02:17:53 IST" name="createDriver" finished-at="2023-09-11T02:17:56 IST" duration-ms="2548" status="PASS">
          <reporter-output>
          </reporter-output>
        </test-method> <!-- createDriver -->
        <test-method signature="verifyAdventureFlow_negative_test1()[pri:0, instance:qtriptest.tests.testCase_01@45099dd3]" started-at="2023-09-11T02:17:56 IST" name="verifyAdventureFlow_negative_test1" finished-at="2023-09-11T02:17:57 IST" duration-ms="789" status="PASS">
          <reporter-output>
          </reporter-output>
        </test-method> <!-- verifyAdventureFlow_negative_test1 -->
        <test-method signature="TestCase01(java.lang.String,java.lang.String)[pri:1, instance:qtriptest.tests.testCase_01@45099dd3]" started-at="2023-09-11T02:18:00 IST" name="TestCase01" description="This test case is for the login flow" data-provider="data-provider" finished-at="2023-09-11T02:18:34 IST" duration-ms="34019" status="PASS">
          <params>
            <param index="0">
              <value>
                <![CDATA[testuser@gmail.com]]>
              </value>
            </param>
            <param index="1">
              <value>
                <![CDATA[abc@123]]>
              </value>
            </param>
          </params>
          <reporter-output>
          </reporter-output>
        </test-method> <!-- TestCase01 -->
        <test-method signature="TestCase01(java.lang.String,java.lang.String)[pri:1, instance:qtriptest.tests.testCase_01@45099dd3]" started-at="2023-09-11T02:18:34 IST" name="TestCase01" description="This test case is for the login flow" data-provider="data-provider" finished-at="2023-09-11T02:19:07 IST" duration-ms="33554" status="PASS">
          <params>
            <param index="0">
              <value>
                <![CDATA[TESTUSER@gmail.com]]>
              </value>
            </param>
            <param index="1">
              <value>
                <![CDATA[123456]]>
              </value>
            </param>
          </params>
          <reporter-output>
          </reporter-output>
        </test-method> <!-- TestCase01 -->
        <test-method signature="TestCase01(java.lang.String,java.lang.String)[pri:1, instance:qtriptest.tests.testCase_01@45099dd3]" started-at="2023-09-11T02:19:07 IST" name="TestCase01" description="This test case is for the login flow" data-provider="data-provider" finished-at="2023-09-11T02:19:41 IST" duration-ms="33700" status="PASS">
          <params>
            <param index="0">
              <value>
                <![CDATA[123_USER_low@gmail.com]]>
              </value>
            </param>
            <param index="1">
              <value>
                <![CDATA[QWERTY!!!!]]>
              </value>
            </param>
          </params>
          <reporter-output>
          </reporter-output>
        </test-method> <!-- TestCase01 -->
        <test-method is-config="true" signature="quitDriver()[pri:0, instance:qtriptest.tests.testCase_01@45099dd3]" started-at="2023-09-11T02:28:46 IST" name="quitDriver" finished-at="2023-09-11T02:28:46 IST" duration-ms="134" status="PASS">
          <reporter-output>
          </reporter-output>
        </test-method> <!-- quitDriver -->
      </class> <!-- qtriptest.tests.testCase_01 -->
      <class name="qtriptest.tests.testCase_04">
        <test-method is-config="true" signature="createDriver()[pri:0, instance:qtriptest.tests.testCase_04@1a942c18]" started-at="2023-09-11T02:17:56 IST" name="createDriver" finished-at="2023-09-11T02:17:56 IST" duration-ms="3" status="PASS">
          <reporter-output>
          </reporter-output>
        </test-method> <!-- createDriver -->
        <test-method signature="TestCase04(java.lang.String,java.lang.String,java.lang.String,java.lang.String,java.lang.String)[pri:4, instance:qtriptest.tests.testCase_04@1a942c18]" started-at="2023-09-11T02:24:02 IST" name="TestCase04" description="This test case is for the reliability flow" data-provider="data-provider" finished-at="2023-09-11T02:25:19 IST" duration-ms="76734" status="PASS">
          <params>
            <param index="0">
              <value>
                <![CDATA[TC4_1@gmail.com]]>
              </value>
            </param>
            <param index="1">
              <value>
                <![CDATA[abc@123]]>
              </value>
            </param>
            <param index="2">
              <value>
                <![CDATA[Bengaluru;Niaboytown;Chicky;01-01-2025;2]]>
              </value>
            </param>
            <param index="3">
              <value>
                <![CDATA[Kolkata;Thton;Cha Cha;01-02-2025;3]]>
              </value>
            </param>
            <param index="4">
              <value>
                <![CDATA[Malaysia;Wootkentree;Bom Bom;02-12-2025;1]]>
              </value>
            </param>
          </params>
          <reporter-output>
          </reporter-output>
        </test-method> <!-- TestCase04 -->
        <test-method signature="TestCase04(java.lang.String,java.lang.String,java.lang.String,java.lang.String,java.lang.String)[pri:4, instance:qtriptest.tests.testCase_04@1a942c18]" started-at="2023-09-11T02:25:19 IST" name="TestCase04" description="This test case is for the reliability flow" data-provider="data-provider" finished-at="2023-09-11T02:26:36 IST" duration-ms="76728" status="PASS">
          <params>
            <param index="0">
              <value>
                <![CDATA[TC4_2@gmail.com]]>
              </value>
            </param>
            <param index="1">
              <value>
                <![CDATA[abc@321]]>
              </value>
            </param>
            <param index="2">
              <value>
                <![CDATA[Bengaluru;Fort Sionnnn;Chicky;01-01-2025;2]]>
              </value>
            </param>
            <param index="3">
              <value>
                <![CDATA[Kolkata;North Gelgoon;Cha Cha;01-02-2025;3]]>
              </value>
            </param>
            <param index="4">
              <value>
                <![CDATA[Malaysia;Wootkentree;Lya;02-12-2025;1]]>
              </value>
            </param>
          </params>
          <reporter-output>
          </reporter-output>
        </test-method> <!-- TestCase04 -->
        <test-method signature="TestCase04(java.lang.String,java.lang.String,java.lang.String,java.lang.String,java.lang.String)[pri:4, instance:qtriptest.tests.testCase_04@1a942c18]" started-at="2023-09-11T02:26:36 IST" name="TestCase04" description="This test case is for the reliability flow" data-provider="data-provider" finished-at="2023-09-11T02:28:46 IST" duration-ms="130210" status="PASS">
          <params>
            <param index="0">
              <value>
                <![CDATA[TC4_3@gmail.com]]>
              </value>
            </param>
            <param index="1">
              <value>
                <![CDATA[abc@321]]>
              </value>
            </param>
            <param index="2">
              <value>
                <![CDATA[Goa;Perthby;Chicky;01-01-2025;2]]>
              </value>
            </param>
            <param index="3">
              <value>
                <![CDATA[Bengaluru;Niaboytown;Chicky;01-01-2025;2]]>
              </value>
            </param>
            <param index="4">
              <value>
                <![CDATA[Bengaluru;Fort Sionnnn;Chicky;01-01-2025;2]]>
              </value>
            </param>
          </params>
          <reporter-output>
          </reporter-output>
        </test-method> <!-- TestCase04 -->
        <test-method is-config="true" signature="quitDriver()[pri:0, instance:qtriptest.tests.testCase_04@1a942c18]" started-at="2023-09-11T02:28:46 IST" name="quitDriver" finished-at="2023-09-11T02:28:46 IST" duration-ms="6" status="PASS">
          <reporter-output>
          </reporter-output>
        </test-method> <!-- quitDriver -->
      </class> <!-- qtriptest.tests.testCase_04 -->
      <class name="qtriptest.tests.testCase_03">
        <test-method is-config="true" signature="createDriver()[pri:0, instance:qtriptest.tests.testCase_03@1a6d8329]" started-at="2023-09-11T02:17:56 IST" name="createDriver" finished-at="2023-09-11T02:17:56 IST" duration-ms="4" status="PASS">
          <reporter-output>
          </reporter-output>
        </test-method> <!-- createDriver -->
        <test-method signature="TestCase03(java.lang.String,java.lang.String,java.lang.String,java.lang.String,java.lang.String,java.lang.String,java.lang.String)[pri:3, instance:qtriptest.tests.testCase_03@1a6d8329]" started-at="2023-09-11T02:21:12 IST" name="TestCase03" description="This test case is for the booking and cancellation flow" data-provider="data-provider" finished-at="2023-09-11T02:22:09 IST" duration-ms="56754" status="PASS">
          <params>
            <param index="0">
              <value>
                <![CDATA[TC3_1@gmaill.com]]>
              </value>
            </param>
            <param index="1">
              <value>
                <![CDATA[abc@123]]>
              </value>
            </param>
            <param index="2">
              <value>
                <![CDATA[Bengaluru]]>
              </value>
            </param>
            <param index="3">
              <value>
                <![CDATA[Niaboytown]]>
              </value>
            </param>
            <param index="4">
              <value>
                <![CDATA[palam]]>
              </value>
            </param>
            <param index="5">
              <value>
                <![CDATA[16-11-2025]]>
              </value>
            </param>
            <param index="6">
              <value>
                <![CDATA[2]]>
              </value>
            </param>
          </params>
          <reporter-output>
          </reporter-output>
        </test-method> <!-- TestCase03 -->
        <test-method signature="TestCase03(java.lang.String,java.lang.String,java.lang.String,java.lang.String,java.lang.String,java.lang.String,java.lang.String)[pri:3, instance:qtriptest.tests.testCase_03@1a6d8329]" started-at="2023-09-11T02:22:09 IST" name="TestCase03" description="This test case is for the booking and cancellation flow" data-provider="data-provider" finished-at="2023-09-11T02:23:06 IST" duration-ms="57198" status="PASS">
          <params>
            <param index="0">
              <value>
                <![CDATA[TC3_2@gmail.com]]>
              </value>
            </param>
            <param index="1">
              <value>
                <![CDATA[abc@123]]>
              </value>
            </param>
            <param index="2">
              <value>
                <![CDATA[Singapore]]>
              </value>
            </param>
            <param index="3">
              <value>
                <![CDATA[Grand Ashland]]>
              </value>
            </param>
            <param index="4">
              <value>
                <![CDATA[biden]]>
              </value>
            </param>
            <param index="5">
              <value>
                <![CDATA[26-11-2025]]>
              </value>
            </param>
            <param index="6">
              <value>
                <![CDATA[4]]>
              </value>
            </param>
          </params>
          <reporter-output>
          </reporter-output>
        </test-method> <!-- TestCase03 -->
        <test-method signature="TestCase03(java.lang.String,java.lang.String,java.lang.String,java.lang.String,java.lang.String,java.lang.String,java.lang.String)[pri:3, instance:qtriptest.tests.testCase_03@1a6d8329]" started-at="2023-09-11T02:23:06 IST" name="TestCase03" description="This test case is for the booking and cancellation flow" data-provider="data-provider" finished-at="2023-09-11T02:24:02 IST" duration-ms="56620" status="PASS">
          <params>
            <param index="0">
              <value>
                <![CDATA[TC3_3@gmail.com]]>
              </value>
            </param>
            <param index="1">
              <value>
                <![CDATA[abc@123]]>
              </value>
            </param>
            <param index="2">
              <value>
                <![CDATA[Bangkok]]>
              </value>
            </param>
            <param index="3">
              <value>
                <![CDATA[Tifwales Ferry]]>
              </value>
            </param>
            <param index="4">
              <value>
                <![CDATA[prabhu]]>
              </value>
            </param>
            <param index="5">
              <value>
                <![CDATA[26-12-2025]]>
              </value>
            </param>
            <param index="6">
              <value>
                <![CDATA[1]]>
              </value>
            </param>
          </params>
          <reporter-output>
          </reporter-output>
        </test-method> <!-- TestCase03 -->
        <test-method is-config="true" signature="quitDriver()[pri:0, instance:qtriptest.tests.testCase_03@1a6d8329]" started-at="2023-09-11T02:28:46 IST" name="quitDriver" finished-at="2023-09-11T02:28:46 IST" duration-ms="13" status="PASS">
          <reporter-output>
          </reporter-output>
        </test-method> <!-- quitDriver -->
      </class> <!-- qtriptest.tests.testCase_03 -->
      <class name="qtriptest.tests.testCase_02">
        <test-method is-config="true" signature="createDriver()[pri:0, instance:qtriptest.tests.testCase_02@368247b9]" started-at="2023-09-11T02:17:56 IST" name="createDriver" finished-at="2023-09-11T02:17:56 IST" duration-ms="3" status="PASS">
          <reporter-output>
          </reporter-output>
        </test-method> <!-- createDriver -->
        <test-method signature="verifyAdventureFlow_negative_test2()[pri:0, instance:qtriptest.tests.testCase_02@368247b9]" started-at="2023-09-11T02:17:57 IST" name="verifyAdventureFlow_negative_test2" finished-at="2023-09-11T02:17:57 IST" duration-ms="238" status="PASS">
          <reporter-output>
          </reporter-output>
        </test-method> <!-- verifyAdventureFlow_negative_test2 -->
        <test-method signature="TestCase02(java.lang.String,java.lang.String,java.lang.String,java.lang.String,java.lang.String)[pri:2, instance:qtriptest.tests.testCase_02@368247b9]" started-at="2023-09-11T02:19:41 IST" name="TestCase02" description="This test case is for the search and filter flow" data-provider="data-provider" finished-at="2023-09-11T02:20:12 IST" duration-ms="30526" status="PASS">
          <params>
            <param index="0">
              <value>
                <![CDATA[Bengaluru]]>
              </value>
            </param>
            <param index="1">
              <value>
                <![CDATA[Cycling Routes]]>
              </value>
            </param>
            <param index="2">
              <value>
                <![CDATA[6-12 Hours]]>
              </value>
            </param>
            <param index="3">
              <value>
                <![CDATA[1]]>
              </value>
            </param>
            <param index="4">
              <value>
                <![CDATA[9]]>
              </value>
            </param>
          </params>
          <reporter-output>
          </reporter-output>
        </test-method> <!-- TestCase02 -->
        <test-method signature="TestCase02(java.lang.String,java.lang.String,java.lang.String,java.lang.String,java.lang.String)[pri:2, instance:qtriptest.tests.testCase_02@368247b9]" started-at="2023-09-11T02:20:12 IST" name="TestCase02" description="This test case is for the search and filter flow" data-provider="data-provider" finished-at="2023-09-11T02:20:42 IST" duration-ms="30026" status="PASS">
          <params>
            <param index="0">
              <value>
                <![CDATA[Singapore]]>
              </value>
            </param>
            <param index="1">
              <value>
                <![CDATA[Hillside Getaways]]>
              </value>
            </param>
            <param index="2">
              <value>
                <![CDATA[6-12 Hours]]>
              </value>
            </param>
            <param index="3">
              <value>
                <![CDATA[1]]>
              </value>
            </param>
            <param index="4">
              <value>
                <![CDATA[8]]>
              </value>
            </param>
          </params>
          <reporter-output>
          </reporter-output>
        </test-method> <!-- TestCase02 -->
        <test-method signature="TestCase02(java.lang.String,java.lang.String,java.lang.String,java.lang.String,java.lang.String)[pri:2, instance:qtriptest.tests.testCase_02@368247b9]" started-at="2023-09-11T02:20:42 IST" name="TestCase02" description="This test case is for the search and filter flow" data-provider="data-provider" finished-at="2023-09-11T02:21:12 IST" duration-ms="30054" status="PASS">
          <params>
            <param index="0">
              <value>
                <![CDATA[Goa]]>
              </value>
            </param>
            <param index="1">
              <value>
                <![CDATA[Party Spots]]>
              </value>
            </param>
            <param index="2">
              <value>
                <![CDATA[2-6 Hours]]>
              </value>
            </param>
            <param index="3">
              <value>
                <![CDATA[1]]>
              </value>
            </param>
            <param index="4">
              <value>
                <![CDATA[11]]>
              </value>
            </param>
          </params>
          <reporter-output>
          </reporter-output>
        </test-method> <!-- TestCase02 -->
        <test-method is-config="true" signature="quitDriver()[pri:0, instance:qtriptest.tests.testCase_02@368247b9]" started-at="2023-09-11T02:28:46 IST" name="quitDriver" finished-at="2023-09-11T02:28:46 IST" duration-ms="0" status="PASS">
          <reporter-output>
          </reporter-output>
        </test-method> <!-- quitDriver -->
      </class> <!-- qtriptest.tests.testCase_02 -->
    </test> <!-- Gradle test -->
  </suite> <!-- Gradle suite -->
</testng-results>
