<?xml version="1.0" encoding="UTF-8"?>
<testng-results ignored="3" total="6" passed="3" failed="0" skipped="0">
  <reporter-output>
  </reporter-output>
  <suite started-at="2023-08-30T21:17:01 IST" name="Gradle suite" finished-at="2023-08-30T21:18:47 IST" duration-ms="105954">
    <groups>
    </groups>
    <test started-at="2023-08-30T21:17:01 IST" name="Gradle test" finished-at="2023-08-30T21:18:47 IST" duration-ms="105954">
      <class name="qtriptest.tests.testCase_01">
        <test-method is-config="true" signature="createDriver()[pri:0, instance:qtriptest.tests.testCase_01@41a0aa7d]" started-at="2023-08-30T21:17:01 IST" name="createDriver" finished-at="2023-08-30T21:17:03 IST" duration-ms="2115" status="PASS">
          <reporter-output>
          </reporter-output>
        </test-method> <!-- createDriver -->
        <test-method signature="TestCase01(java.lang.String,java.lang.String)[pri:0, instance:qtriptest.tests.testCase_01@41a0aa7d]" started-at="2023-08-30T21:17:05 IST" name="TestCase01" data-provider="data-provider" finished-at="2023-08-30T21:17:39 IST" duration-ms="34404" status="PASS">
          <params>
            <param index="0">
              <value>
                <![CDATA[testuser@gmail.com]]>
              </value>
            </param>
            <param index="1">
              <value>
                <![CDATA[abc@123]]>
              </value>
            </param>
          </params>
          <reporter-output>
          </reporter-output>
        </test-method> <!-- TestCase01 -->
        <test-method signature="TestCase01(java.lang.String,java.lang.String)[pri:0, instance:qtriptest.tests.testCase_01@41a0aa7d]" started-at="2023-08-30T21:17:39 IST" name="TestCase01" data-provider="data-provider" finished-at="2023-08-30T21:18:13 IST" duration-ms="34010" status="PASS">
          <params>
            <param index="0">
              <value>
                <![CDATA[TESTUSER@gmail.com]]>
              </value>
            </param>
            <param index="1">
              <value>
                <![CDATA[123456]]>
              </value>
            </param>
          </params>
          <reporter-output>
          </reporter-output>
        </test-method> <!-- TestCase01 -->
        <test-method signature="TestCase01(java.lang.String,java.lang.String)[pri:0, instance:qtriptest.tests.testCase_01@41a0aa7d]" started-at="2023-08-30T21:18:13 IST" name="TestCase01" data-provider="data-provider" finished-at="2023-08-30T21:18:46 IST" duration-ms="33431" status="PASS">
          <params>
            <param index="0">
              <value>
                <![CDATA[123_USER_low@gmail.com]]>
              </value>
            </param>
            <param index="1">
              <value>
                <![CDATA[QWERTY!!!!]]>
              </value>
            </param>
          </params>
          <reporter-output>
          </reporter-output>
        </test-method> <!-- TestCase01 -->
        <test-method is-config="true" signature="quitDriver()[pri:0, instance:qtriptest.tests.testCase_01@41a0aa7d]" started-at="2023-08-30T21:18:46 IST" name="quitDriver" finished-at="2023-08-30T21:18:47 IST" duration-ms="190" status="PASS">
          <reporter-output>
          </reporter-output>
        </test-method> <!-- quitDriver -->
      </class> <!-- qtriptest.tests.testCase_01 -->
    </test> <!-- Gradle test -->
  </suite> <!-- Gradle suite -->
</testng-results>
